This file contains any messages produced by compilers while
running configure, to aid debugging if configure makes a mistake.

It was created by ESPRESSO configure 6.1, which was
generated by GNU Autoconf 2.69.  Invocation command line was

  $ ./install/configure --enable-openmp --with-scalapack=intel MPIF90=mpiifort F90=ifort CC=mpiicc F77=mpiifort

## --------- ##
## Platform. ##
## --------- ##

hostname = as03
uname -m = x86_64
uname -r = 2.6.32-642.6.2.el6.x86_64
uname -s = Linux
uname -v = #1 SMP Wed Oct 26 06:52:09 UTC 2016

/usr/bin/uname -p = unknown
/bin/uname -X     = unknown

/bin/arch              = x86_64
/usr/bin/arch -k       = unknown
/usr/convex/getsysinfo = unknown
/usr/bin/hostinfo      = unknown
/bin/machine           = unknown
/usr/bin/oslevel       = unknown
/bin/universe          = unknown

PATH: /opt/intel/parallel_studio_xe_2016_update3/advisor_xe_2016.1.40.463413/bin64
PATH: /opt/intel/parallel_studio_xe_2016_update3/vtune_amplifier_xe_2016.3.0.463186/bin64
PATH: /opt/intel/parallel_studio_xe_2016_update3/inspector_xe_2016.1.3.460803/bin64
PATH: /opt/intel/parallel_studio_xe_2016_update3//itac/9.1.2.024/intel64/bin
PATH: /opt/intel/parallel_studio_xe_2016_update3//itac/9.1.2.024/intel64/bin
PATH: /opt/intel/parallel_studio_xe_2016_update3//clck/3.1.2.006/bin/intel64
PATH: /opt/intel/parallel_studio_xe_2016_update3/compilers_and_libraries_2016.3.210/linux/bin/intel64
PATH: /opt/intel/parallel_studio_xe_2016_update3/compilers_and_libraries_2016.3.210/linux/mpi/intel64/bin
PATH: /opt/intel/parallel_studio_xe_2016_update3/debugger_2016/gdb/intel64_mic/bin
PATH: /usr/lib64/qt-3.3/bin
PATH: /usr/kerberos/sbin
PATH: /usr/kerberos/bin
PATH: /opt/intel/composer_xe_2015.3.187/bin/intel64
PATH: /opt/intel/composer_xe_2015.3.187/debugger/gdb/intel64_mic/bin
PATH: /usr/local/bin
PATH: /bin
PATH: /usr/bin
PATH: /usr/local/sbin
PATH: /usr/sbin
PATH: /sbin
PATH: /opt/dell/srvadmin/bin
PATH: /opt/intel/parallel_studio_xe_2016_update3/bin
PATH: /opt/bin
PATH: /home/s-nishihara/bin
PATH: .


## ----------- ##
## Core tests. ##
## ----------- ##

configure:2350: checking build system type
configure:2364: result: x86_64-pc-linux-gnu
configure:2388: checking ARCH
configure:2432: result: x86_64
configure:2454: checking setting AR... 
configure:2460: result: ar
configure:2464: checking setting ARFLAGS... 
configure:2476: result: ruv
configure:2554: checking for gfortran
configure:2570: found /usr/bin/gfortran
configure:2581: result: gfortran
configure:2607: checking for Fortran compiler version
configure:2616: gfortran --version >&5
GNU Fortran (GCC) 4.4.7 20120313 (Red Hat 4.4.7-17)
Copyright (C) 2010 Free Software Foundation, Inc.

GNU Fortran comes with NO WARRANTY, to the extent permitted by law.
You may redistribute copies of GNU Fortran
under the terms of the GNU General Public License.
For more information about these matters, see the file named COPYING

configure:2627: $? = 0
configure:2616: gfortran -v >&5
Using built-in specs.
Target: x86_64-redhat-linux
Configured with: ../configure --prefix=/usr --mandir=/usr/share/man --infodir=/usr/share/info --with-bugurl=http://bugzilla.redhat.com/bugzilla --enable-bootstrap --enable-shared --enable-threads=posix --enable-checking=release --with-system-zlib --enable-__cxa_atexit --disable-libunwind-exceptions --enable-gnu-unique-object --enable-languages=c,c++,objc,obj-c++,java,fortran,ada --enable-java-awt=gtk --disable-dssi --with-java-home=/usr/lib/jvm/java-1.5.0-gcj-1.5.0.0/jre --enable-libgcj-multifile --enable-java-maintainer-mode --with-ecj-jar=/usr/share/java/eclipse-ecj.jar --disable-libjava-multilib --with-ppl --with-cloog --with-tune=generic --with-arch_32=i686 --build=x86_64-redhat-linux
Thread model: posix
gcc version 4.4.7 20120313 (Red Hat 4.4.7-17) (GCC) 
configure:2627: $? = 0
configure:2616: gfortran -V >&5
gfortran: '-V' option must have argument
configure:2627: $? = 1
configure:2616: gfortran -qversion >&5
gfortran: unrecognized option '-qversion'
gfortran: no input files
configure:2627: $? = 1
configure:2636: checking whether we are using the GNU Fortran compiler
configure:2649: gfortran -c   conftest.F >&5
configure:2649: $? = 0
configure: failed program was:
|       program main
| #ifndef __GNUC__
|        choke me
| #endif
| 
|       end
configure:2658: result: no
configure:2664: checking whether gfortran accepts -g
configure:2675: gfortran -c -g  conftest.f >&5
configure:2675: $? = 0
configure: failed program was:
|       program main
| 
|       end
configure:2683: result: no
configure:2914: checking for Fortran compiler version
configure:2923: gfortran --version >&5
GNU Fortran (GCC) 4.4.7 20120313 (Red Hat 4.4.7-17)
Copyright (C) 2010 Free Software Foundation, Inc.

GNU Fortran comes with NO WARRANTY, to the extent permitted by law.
You may redistribute copies of GNU Fortran
under the terms of the GNU General Public License.
For more information about these matters, see the file named COPYING

configure:2934: $? = 0
configure:2923: gfortran -v >&5
Using built-in specs.
Target: x86_64-redhat-linux
Configured with: ../configure --prefix=/usr --mandir=/usr/share/man --infodir=/usr/share/info --with-bugurl=http://bugzilla.redhat.com/bugzilla --enable-bootstrap --enable-shared --enable-threads=posix --enable-checking=release --with-system-zlib --enable-__cxa_atexit --disable-libunwind-exceptions --enable-gnu-unique-object --enable-languages=c,c++,objc,obj-c++,java,fortran,ada --enable-java-awt=gtk --disable-dssi --with-java-home=/usr/lib/jvm/java-1.5.0-gcj-1.5.0.0/jre --enable-libgcj-multifile --enable-java-maintainer-mode --with-ecj-jar=/usr/share/java/eclipse-ecj.jar --disable-libjava-multilib --with-ppl --with-cloog --with-tune=generic --with-arch_32=i686 --build=x86_64-redhat-linux
Thread model: posix
gcc version 4.4.7 20120313 (Red Hat 4.4.7-17) (GCC) 
configure:2934: $? = 0
configure:2923: gfortran -V >&5
gfortran: '-V' option must have argument
configure:2934: $? = 1
configure:2923: gfortran -qversion >&5
gfortran: unrecognized option '-qversion'
gfortran: no input files
configure:2934: $? = 1
configure:2949: checking whether the Fortran compiler works
configure:2971: gfortran    conftest.f  >&5
configure:2975: $? = 0
configure:3023: result: yes
configure:3026: checking for Fortran compiler default output file name
configure:3028: result: a.out
configure:3034: checking for suffix of executables
configure:3041: gfortran -o conftest    conftest.f  >&5
configure:3045: $? = 0
configure:3067: result: 
configure:3083: checking whether we are cross compiling
configure:3091: gfortran -o conftest    conftest.f  >&5
configure:3095: $? = 0
configure:3102: ./conftest
configure:3106: $? = 0
configure:3121: result: no
configure:3126: checking for suffix of object files
configure:3142: gfortran -c   conftest.f >&5
configure:3146: $? = 0
configure:3167: result: o
configure:3175: checking whether we are using the GNU Fortran compiler
configure:3197: result: no
configure:3203: checking whether gfortran accepts -g
configure:3222: result: no
configure:3256: checking for Fortran flag to compile .f90 files
configure:3276: gfortran -c   conftest.f90 >&5
configure:3276: $? = 0
configure:3285: result: none
configure:3582: checking for mpiifort
configure:3598: found /opt/intel/parallel_studio_xe_2016_update3/compilers_and_libraries_2016.3.210/linux/mpi/intel64/bin/mpiifort
configure:3609: result: mpiifort
configure:3635: checking for Fortran compiler version
configure:3644: mpiifort --version >&5
ifort (IFORT) 16.0.3 20160415
Copyright (C) 1985-2016 Intel Corporation.  All rights reserved.

configure:3655: $? = 0
configure:3644: mpiifort -v >&5
mpiifort for the Intel(R) MPI Library 5.1.3 for Linux*
Copyright(C) 2003-2015, Intel Corporation.  All rights reserved.
ifort version 16.0.3
configure:3655: $? = 0
configure:3644: mpiifort -V >&5
Intel(R) Fortran Intel(R) 64 Compiler for applications running on Intel(R) 64, Version 16.0.3.210 Build 20160415
Copyright (C) 1985-2016 Intel Corporation.  All rights reserved.

configure:3655: $? = 0
configure:3644: mpiifort -qversion >&5
ifort: command line warning #10006: ignoring unknown option '-qversion'
/opt/intel/parallel_studio_xe_2016_update3/compilers_and_libraries_2016.3.210/linux/compiler/lib/intel64_lin/for_main.o: In function `main':
for_main.c:(.text+0x2a): undefined reference to `MAIN__'
configure:3655: $? = 1
configure:3664: checking whether we are using the GNU Fortran compiler
configure:3677: mpiifort -c   conftest.F >&5
conftest.F(3): error #5082: Syntax error, found END-OF-STATEMENT when expecting one of: => = . [ % ( :
       choke me
---------------^
compilation aborted for conftest.F (code 1)
configure:3677: $? = 1
configure: failed program was:
|       program main
| #ifndef __GNUC__
|        choke me
| #endif
| 
|       end
configure:3686: result: no
configure:3692: checking whether mpiifort accepts -g
configure:3703: mpiifort -c -g  conftest.f90 >&5
configure:3703: $? = 0
configure:3711: result: yes
configure:3798: WARNING: parallel compiler mpiifort uses ifort, but serial compiler gfortran was detected
configure:3800: WARNING: assuming F90=ifort, discarding gfortran
configure:4007: checking for C compiler version
configure:4016: mpiicc --version >&5
icc (ICC) 16.0.3 20160415
Copyright (C) 1985-2016 Intel Corporation.  All rights reserved.

configure:4027: $? = 0
configure:4016: mpiicc -v >&5
mpiicc for the Intel(R) MPI Library 5.1.3 for Linux*
Copyright(C) 2003-2015, Intel Corporation.  All rights reserved.
icc version 16.0.3 (gcc version 4.4.7 compatibility)
configure:4027: $? = 0
configure:4016: mpiicc -V >&5
Intel(R) C Intel(R) 64 Compiler for applications running on Intel(R) 64, Version 16.0.3.210 Build 20160415
Copyright (C) 1985-2016 Intel Corporation.  All rights reserved.

configure:4027: $? = 0
configure:4016: mpiicc -qversion >&5
icc: command line warning #10006: ignoring unknown option '-qversion'
/usr/lib/gcc/x86_64-redhat-linux/4.4.7/../../../../lib64/crt1.o: In function `_start':
(.text+0x20): undefined reference to `main'
configure:4027: $? = 1
configure:4031: checking whether we are using the GNU C compiler
configure:4050: mpiicc -c   conftest.c >&5
configure:4050: $? = 0
configure:4059: result: yes
configure:4068: checking whether mpiicc accepts -g
configure:4088: mpiicc -c -g  conftest.c >&5
configure:4088: $? = 0
configure:4129: result: yes
configure:4146: checking for mpiicc option to accept ISO C89
configure:4209: mpiicc  -c -g -O2  conftest.c >&5
configure:4209: $? = 0
configure:4222: result: none needed
configure:4420: checking for Fortran 77 compiler version
configure:4429: mpiifort --version >&5
ifort (IFORT) 16.0.3 20160415
Copyright (C) 1985-2016 Intel Corporation.  All rights reserved.

configure:4440: $? = 0
configure:4429: mpiifort -v >&5
mpiifort for the Intel(R) MPI Library 5.1.3 for Linux*
Copyright(C) 2003-2015, Intel Corporation.  All rights reserved.
ifort version 16.0.3
configure:4440: $? = 0
configure:4429: mpiifort -V >&5
Intel(R) Fortran Intel(R) 64 Compiler for applications running on Intel(R) 64, Version 16.0.3.210 Build 20160415
Copyright (C) 1985-2016 Intel Corporation.  All rights reserved.

configure:4440: $? = 0
configure:4429: mpiifort -qversion >&5
ifort: command line warning #10006: ignoring unknown option '-qversion'
/opt/intel/parallel_studio_xe_2016_update3/compilers_and_libraries_2016.3.210/linux/compiler/lib/intel64_lin/for_main.o: In function `main':
for_main.c:(.text+0x2a): undefined reference to `MAIN__'
configure:4440: $? = 1
configure:4449: checking whether we are using the GNU Fortran 77 compiler
configure:4462: mpiifort -c  conftest.F >&5
conftest.F(3): error #5082: Syntax error, found END-OF-STATEMENT when expecting one of: => = . [ % ( :
       choke me
---------------^
compilation aborted for conftest.F (code 1)
configure:4462: $? = 1
configure: failed program was:
|       program main
| #ifndef __GNUC__
|        choke me
| #endif
| 
|       end
configure:4471: result: no
configure:4477: checking whether mpiifort accepts -g
configure:4488: mpiifort -c -g conftest.f >&5
configure:4488: $? = 0
configure:4496: result: yes
configure:4846: checking whether make sets $(MAKE)
configure:4868: result: yes
configure:5686: checking for library containing dgemm
configure:5704: ifort -o conftest -O2 -assume byterecl -g -traceback -qopenmp  -nomodule -qopenmp -static-intel -qopenmp   conftest.f  >&5
/tmp/ifortZ5DAYd.o: In function `main':
/home/s-nishihara/espresso/conftest.f:2: undefined reference to `dgemm_'
configure:5704: $? = 1
configure: failed program was:
|       program main
|       call dgemm
|       end
configure:5704: ifort -o conftest -O2 -assume byterecl -g -traceback -qopenmp  -nomodule -qopenmp -static-intel -qopenmp   conftest.f -lmkl_intel_lp64 -lmkl_sequential -lmkl_core  >&5
configure:5704: $? = 0
configure:5721: result: -lmkl_intel_lp64
configure:6495: checking for library containing dspev
configure:6513: ifort -o conftest -O2 -assume byterecl -g -traceback -qopenmp  -nomodule -qopenmp -static-intel -qopenmp conftest.f    -lmkl_intel_lp64  -lmkl_intel_thread -lmkl_core >&5
configure:6513: $? = 0
configure:6530: result: none required
configure:6776: checking how to run the C preprocessor
configure:6807: mpiicc -E  conftest.c
configure:6807: $? = 0
configure:6821: mpiicc -E  conftest.c
conftest.c(9): error #2379: cannot open source file "ac_nonexistent.h"
  #include <ac_nonexistent.h>
                             ^

configure:6821: $? = 2
configure: failed program was:
| /* confdefs.h */
| #define PACKAGE_NAME "ESPRESSO"
| #define PACKAGE_TARNAME "espresso"
| #define PACKAGE_VERSION "6.1"
| #define PACKAGE_STRING "ESPRESSO 6.1"
| #define PACKAGE_BUGREPORT ""
| #define PACKAGE_URL ""
| /* end confdefs.h.  */
| #include <ac_nonexistent.h>
configure:6846: result: mpiicc -E
configure:6866: mpiicc -E  conftest.c
configure:6866: $? = 0
configure:6880: mpiicc -E  conftest.c
conftest.c(9): error #2379: cannot open source file "ac_nonexistent.h"
  #include <ac_nonexistent.h>
                             ^

configure:6880: $? = 2
configure: failed program was:
| /* confdefs.h */
| #define PACKAGE_NAME "ESPRESSO"
| #define PACKAGE_TARNAME "espresso"
| #define PACKAGE_VERSION "6.1"
| #define PACKAGE_STRING "ESPRESSO 6.1"
| #define PACKAGE_BUGREPORT ""
| #define PACKAGE_URL ""
| /* end confdefs.h.  */
| #include <ac_nonexistent.h>
configure:6909: checking for grep that handles long lines and -e
configure:6967: result: /bin/grep
configure:6972: checking for egrep
configure:7034: result: /bin/grep -E
configure:7039: checking for ANSI C header files
configure:7059: mpiicc -c -g -O2  conftest.c >&5
configure:7059: $? = 0
configure:7132: mpiicc -o conftest -g -O2  -static-intel -qopenmp conftest.c    -lmkl_intel_lp64  -lmkl_intel_thread -lmkl_core >&5
icc: warning #10237: -lcilkrts linked in dynamically, static library not available
configure:7132: $? = 0
configure:7132: ./conftest
configure:7132: $? = 0
configure:7143: result: yes
configure:7156: checking for sys/types.h
configure:7156: mpiicc -c -g -O2  conftest.c >&5
configure:7156: $? = 0
configure:7156: result: yes
configure:7156: checking for sys/stat.h
configure:7156: mpiicc -c -g -O2  conftest.c >&5
configure:7156: $? = 0
configure:7156: result: yes
configure:7156: checking for stdlib.h
configure:7156: mpiicc -c -g -O2  conftest.c >&5
configure:7156: $? = 0
configure:7156: result: yes
configure:7156: checking for string.h
configure:7156: mpiicc -c -g -O2  conftest.c >&5
configure:7156: $? = 0
configure:7156: result: yes
configure:7156: checking for memory.h
configure:7156: mpiicc -c -g -O2  conftest.c >&5
configure:7156: $? = 0
configure:7156: result: yes
configure:7156: checking for strings.h
configure:7156: mpiicc -c -g -O2  conftest.c >&5
configure:7156: $? = 0
configure:7156: result: yes
configure:7156: checking for inttypes.h
configure:7156: mpiicc -c -g -O2  conftest.c >&5
configure:7156: $? = 0
configure:7156: result: yes
configure:7156: checking for stdint.h
configure:7156: mpiicc -c -g -O2  conftest.c >&5
configure:7156: $? = 0
configure:7156: result: yes
configure:7156: checking for unistd.h
configure:7156: mpiicc -c -g -O2  conftest.c >&5
configure:7156: $? = 0
configure:7156: result: yes
configure:7173: checking FFT
configure:7474: checking for DftiComputeForward in -lmkl_intel_lp64
configure:7499: mpiicc -o conftest -O3 -O3  -qopenmp  conftest.c -lmkl_intel_lp64   -lmkl_intel_lp64  -lmkl_intel_thread -lmkl_core -lm  >&5
configure:7499: $? = 0
configure:7508: result: yes
configure:7530: checking for /opt/intel/Compiler/*/*/mkl/include/mkl_dfti.f90
configure:7544: result: no
configure:7530: checking for /opt/intel/mkl/*/include/mkl_dfti.f90
configure:7544: result: no
configure:7530: checking for /opt/intel/mkl/include/mkl_dfti.f90
configure:7544: result: yes
configure:7783: result: 
configure:7811: checking MASS
configure:8048: result: 
configure:8079: checking for library containing mpi_init
configure:8097: mpiifort -o conftest -O2 -assume byterecl -g -traceback -qopenmp  -nomodule -qopenmp -qopenmp conftest.f  >&5
configure:8097: $? = 0
configure:8114: result: none required
configure:8195: checking for library containing pdgemr2d
configure:8213: mpiifort -o conftest -O2 -assume byterecl -g -traceback -qopenmp  -nomodule -qopenmp -qopenmp conftest.f  >&5
/tmp/ifort7WBlNO.o: In function `main':
/home/s-nishihara/espresso/conftest.f:2: undefined reference to `pdgemr2d_'
configure:8213: $? = 1
configure: failed program was:
|       program main
|       call pdgemr2d
|       end
configure:8213: mpiifort -o conftest -O2 -assume byterecl -g -traceback -qopenmp  -nomodule -qopenmp -qopenmp conftest.f  >&5
/tmp/ifortkcKdZg.o: In function `main':
/home/s-nishihara/espresso/conftest.f:2: undefined reference to `pdgemr2d_'
configure:8213: $? = 1
configure: failed program was:
|       program main
|       call pdgemr2d
|       end
configure:8230: result: no
configure:8250: checking for library containing pdgemr2d
configure:8268: mpiifort -o conftest -O2 -assume byterecl -g -traceback -qopenmp  -nomodule -qopenmp -qopenmp conftest.f    -lmkl_intel_lp64  -lmkl_intel_thread -lmkl_core >&5
/tmp/ifortXmQqVK.o: In function `main':
/home/s-nishihara/espresso/conftest.f:2: undefined reference to `pdgemr2d_'
configure:8268: $? = 1
configure: failed program was:
|       program main
|       call pdgemr2d
|       end
configure:8268: mpiifort -o conftest -O2 -assume byterecl -g -traceback -qopenmp  -nomodule -qopenmp -qopenmp conftest.f -lmkl_scalapack_lp64 -lmkl_blacs_intelmpi_lp64     -lmkl_intel_lp64  -lmkl_intel_thread -lmkl_core >&5
configure:8268: $? = 0
configure:8285: result: -lmkl_scalapack_lp64
configure:8524: checking ELPA
configure:8598: result: 
configure:8859: checking for ranlib
configure:8875: found /usr/bin/ranlib
configure:8887: result: ranlib
configure:8913: checking for wget
configure:8929: found /usr/bin/wget
configure:8940: result: wget -O
configure:9152: creating ./config.status

## ---------------------- ##
## Running config.status. ##
## ---------------------- ##

This file was extended by ESPRESSO config.status 6.1, which was
generated by GNU Autoconf 2.69.  Invocation command line was

  CONFIG_FILES    = 
  CONFIG_HEADERS  = 
  CONFIG_LINKS    = 
  CONFIG_COMMANDS = 
  $ ./config.status 

on as03

config.status:862: creating install/make_lapack.inc
config.status:862: creating include/configure.h
config.status:862: creating make.inc
config.status:862: creating configure.msg
config.status:862: creating install/make_wannier90.inc
config.status:862: creating include/c_defs.h

## ---------------- ##
## Cache variables. ##
## ---------------- ##

ac_cv_build=x86_64-pc-linux-gnu
ac_cv_c_compiler_gnu=yes
ac_cv_env_CC_set=set
ac_cv_env_CC_value=mpiicc
ac_cv_env_CFLAGS_set=
ac_cv_env_CFLAGS_value=
ac_cv_env_CPPFLAGS_set=
ac_cv_env_CPPFLAGS_value=
ac_cv_env_CPP_set=
ac_cv_env_CPP_value=
ac_cv_env_EXTLIB_FLAGS_set=
ac_cv_env_EXTLIB_FLAGS_value=
ac_cv_env_F77_set=set
ac_cv_env_F77_value=mpiifort
ac_cv_env_FCFLAGS_set=
ac_cv_env_FCFLAGS_value=
ac_cv_env_FC_set=
ac_cv_env_FC_value=
ac_cv_env_FFLAGS_set=
ac_cv_env_FFLAGS_value=
ac_cv_env_LDFLAGS_set=
ac_cv_env_LDFLAGS_value=
ac_cv_env_LIBS_set=
ac_cv_env_LIBS_value=
ac_cv_env_build_alias_set=
ac_cv_env_build_alias_value=
ac_cv_env_host_alias_set=
ac_cv_env_host_alias_value=
ac_cv_env_target_alias_set=
ac_cv_env_target_alias_value=
ac_cv_f77_compiler_gnu=no
ac_cv_fc_compiler_gnu=no
ac_cv_fc_srcext_f90=none
ac_cv_file__opt_intel_Compiler_p_p_mkl_include_mkl_dfti_f90=no
ac_cv_file__opt_intel_mkl_include_mkl_dfti_f90=yes
ac_cv_file__opt_intel_mkl_p_include_mkl_dfti_f90=no
ac_cv_header_inttypes_h=yes
ac_cv_header_memory_h=yes
ac_cv_header_stdc=yes
ac_cv_header_stdint_h=yes
ac_cv_header_stdlib_h=yes
ac_cv_header_string_h=yes
ac_cv_header_strings_h=yes
ac_cv_header_sys_stat_h=yes
ac_cv_header_sys_types_h=yes
ac_cv_header_unistd_h=yes
ac_cv_lib_mkl_intel_lp64_DftiComputeForward=yes
ac_cv_objext=o
ac_cv_path_EGREP='/bin/grep -E'
ac_cv_path_GREP=/bin/grep
ac_cv_prog_CPP='mpiicc -E'
ac_cv_prog_ac_ct_FC=mpiifort
ac_cv_prog_cc_c89=
ac_cv_prog_cc_g=yes
ac_cv_prog_f77_g=yes
ac_cv_prog_fc_g=yes
ac_cv_prog_make_make_set=yes
ac_cv_prog_ranlib=ranlib
ac_cv_prog_wget='wget -O'
ac_cv_search_dgemm=-lmkl_intel_lp64
ac_cv_search_dspev='none required'
ac_cv_search_mpi_init='none required'
ac_cv_search_pdgemr2d=-lmkl_scalapack_lp64

## ----------------- ##
## Output variables. ##
## ----------------- ##

CC='mpiicc'
CFLAGS='-O3'
CPP='mpiicc -E'
CPPFLAGS='-O3'
Configured for compilation of parallel executables.'
DEFS='-DHAVE_CONFIG_H'
ECHO_C=''
ECHO_N='-n'
ECHO_T=''
EGREP='/bin/grep -E'
EXEEXT=''
EXTLIB_FLAGS=''
F77='mpiifort'
FC='mpiifort'
FCFLAGS=''
FCFLAGS_f90=''
FFLAGS='-O2 -assume byterecl -g -traceback -qopenmp  -nomodule -qopenmp'
GREP='/bin/grep'
LDFLAGS='-qopenmp'
LIBOBJS=''
LIBS='-lmkl_scalapack_lp64    -lmkl_intel_lp64  -lmkl_intel_thread -lmkl_core'
LTLIBOBJS=''
OBJEXT='o'
PACKAGE_BUGREPORT=''
PACKAGE_NAME='ESPRESSO'
PACKAGE_STRING='ESPRESSO 6.1'
PACKAGE_TARNAME='espresso'
PACKAGE_URL=''
PACKAGE_VERSION='6.1'
PATH_SEPARATOR=':'
SET_MAKE=''
SHELL='/bin/sh'
ac_ct_CC=''
ac_ct_F77=''
ac_ct_FC='mpiifort'
ar='ar'
arch='x86_64'
arflags='ruv'
bindir='${exec_prefix}/bin'
blas_libs='  -lmkl_intel_lp64  -lmkl_intel_thread -lmkl_core'
blas_libs_switch='external'
blas_line='BLAS_LIBS=  -lmkl_intel_lp64  -lmkl_intel_thread -lmkl_core'
build='x86_64-pc-linux-gnu'
build_alias=''
build_cpu='x86_64'
build_os='linux-gnu'
build_vendor='pc'
cc='mpiicc'
cflags='-O3'
cpp='cpp'
cppflags='-P -traditional'
datadir='${datarootdir}'
datarootdir='${prefix}/share'
dflags=' -D__DFTI -D__MPI -D__SCALAPACK'
docdir='${datarootdir}/doc/${PACKAGE_TARNAME}'
dvidir='${docdir}'
elpa_libs=''
elpa_line='@delete@'
exec_prefix='${prefix}'
extlib_flags=''
f77='mpiifort'
f90='ifort'
f90flags='$(FFLAGS) -nomodule -qopenmp'
f90rule='$(MPIF90) $(F90FLAGS) -c $<'
fdflags='$(DFLAGS) $(MANUAL_DFLAGS)'
fflags='-O2 -assume byterecl -g -traceback -qopenmp'
fflags_nomain='-nofor_main'
fflags_noopt='-O0 -assume byterecl -g -traceback'
fft_libs=''
fft_line='FFT_LIBS='
hdf5_libs=''
hdf5_line=''
host_alias=''
htmldir='${docdir}'
iflags='-I$(TOPDIR)/include -I$(TOPDIR)/FoX/finclude -I../include/ -I/opt/intel/mkl/include'
imod='-I'
includedir='${prefix}/include'
infodir='${datarootdir}/info'
lapack_libs=''
lapack_libs_switch='external'
lapack_line='LAPACK_LIBS='
ld='mpiifort'
ld_libs=''
ldflags='-static-intel  -qopenmp'
libdir='${exec_prefix}/lib'
libexecdir='${exec_prefix}/libexec'
localedir='${datarootdir}/locale'
localstatedir='${prefix}/var'
mandir='${datarootdir}/man'
mass_libs=''
mass_line='@delete@'
mpi_libs=''
mpi_line='@delete@'
mpif90='mpiifort'
oldincludedir='/usr/include'
parallel_report='Parallel environment detected successfully.\
pdfdir='${docdir}'
pre_fdflags='-fpp '
prefix='/usr/local'
program_transform_name='s,x,x,'
psdir='${docdir}'
ranlib='ranlib'
runstatedir='${localstatedir}/run'
sbindir='${exec_prefix}/sbin'
scalapack_libs='-lmkl_scalapack_lp64 -lmkl_blacs_intelmpi_lp64'
scalapack_line='SCALAPACK_LIBS=-lmkl_scalapack_lp64 -lmkl_blacs_intelmpi_lp64'
sharedstatedir='${prefix}/com'
sysconfdir='${prefix}/etc'
target_alias=''
topdir='/home/s-nishihara/espresso'
wget='wget -O'

## ----------- ##
## confdefs.h. ##
## ----------- ##

/* confdefs.h */
#define PACKAGE_NAME "ESPRESSO"
#define PACKAGE_TARNAME "espresso"
#define PACKAGE_VERSION "6.1"
#define PACKAGE_STRING "ESPRESSO 6.1"
#define PACKAGE_BUGREPORT ""
#define PACKAGE_URL ""
#define STDC_HEADERS 1
#define HAVE_SYS_TYPES_H 1
#define HAVE_SYS_STAT_H 1
#define HAVE_STDLIB_H 1
#define HAVE_STRING_H 1
#define HAVE_MEMORY_H 1
#define HAVE_STRINGS_H 1
#define HAVE_INTTYPES_H 1
#define HAVE_STDINT_H 1
#define HAVE_UNISTD_H 1

configure: exit 0
